12/27/2021 01:01:12 AM INFO: Hanabi server started on 127.0.0.1:1024
12/27/2021 01:01:16 AM INFO: Connected by: ('127.0.0.1', 52057)
12/27/2021 01:01:16 AM INFO: Player connected: technic_angel
12/27/2021 01:01:20 AM INFO: Connected by: ('127.0.0.1', 52059)
12/27/2021 01:01:20 AM INFO: Player connected: technic_angel_1
12/27/2021 01:01:22 AM INFO: Connected by: ('127.0.0.1', 52060)
12/27/2021 01:01:22 AM INFO: Player connected: technic_angel_2
12/27/2021 01:01:26 AM INFO: Connected by: ('127.0.0.1', 52061)
12/27/2021 01:01:26 AM INFO: Player connected: technic_angel_3
12/27/2021 01:01:30 AM INFO: Connected by: ('127.0.0.1', 52062)
12/27/2021 01:01:30 AM INFO: Player connected: technic_angel_4
12/27/2021 01:01:34 AM INFO: Player ready: technic_angel
12/27/2021 01:01:35 AM INFO: Player ready: technic_angel_1
12/27/2021 01:01:35 AM INFO: Player ready: technic_angel_2
12/27/2021 01:01:36 AM INFO: Player ready: technic_angel_3
12/27/2021 01:01:37 AM INFO: Player ready: technic_angel_4
12/27/2021 01:01:37 AM INFO: Game start! Between: ['technic_angel', 'technic_angel_1', 'technic_angel_2', 'technic_angel_3', 'technic_angel_4']
12/27/2021 01:01:37 AM INFO: Ok, let's start the game!
12/27/2021 01:01:37 AM INFO: Showing hand to: technic_angel
12/27/2021 01:01:37 AM INFO: Showing hand to: technic_angel_1
12/27/2021 01:01:37 AM INFO: Showing hand to: technic_angel_2
12/27/2021 01:01:37 AM INFO: Showing hand to: technic_angel_3
12/27/2021 01:01:37 AM INFO: Showing hand to: technic_angel_4
12/27/2021 01:01:37 AM INFO: Showing hand to: technic_angel
12/27/2021 01:01:37 AM INFO: Player technic_angel providing hint to technic_angel_1: cards with value 1 are in positions: [1, 2, 3]
12/27/2021 01:01:37 AM INFO: Showing hand to: technic_angel_3
12/27/2021 01:01:37 AM INFO: Showing hand to: technic_angel_2
12/27/2021 01:01:37 AM INFO: Showing hand to: technic_angel_1
12/27/2021 01:01:37 AM INFO: Showing hand to: technic_angel_4
12/27/2021 01:01:37 AM INFO: Showing hand to: technic_angel_1
12/27/2021 01:01:37 AM INFO: Showing hand to: technic_angel
12/27/2021 01:01:37 AM INFO: technic_angel_1: card played and correctly put on the table
12/27/2021 01:01:37 AM INFO: Giving 1 free note token.
12/27/2021 01:01:37 AM INFO: Showing hand to: technic_angel_2
12/27/2021 01:01:37 AM INFO: Showing hand to: technic_angel_1
12/27/2021 01:01:37 AM INFO: Showing hand to: technic_angel_3
12/27/2021 01:01:37 AM INFO: Showing hand to: technic_angel_4
12/27/2021 01:01:37 AM INFO: Showing hand to: technic_angel_2
12/27/2021 01:01:37 AM INFO: Showing hand to: technic_angel
12/27/2021 01:01:37 AM INFO: Player technic_angel_2 providing hint to technic_angel: cards with color yellow are in positions: [3]
12/27/2021 01:01:37 AM INFO: Showing hand to: technic_angel_3
12/27/2021 01:01:37 AM INFO: Showing hand to: technic_angel_4
12/27/2021 01:01:37 AM INFO: Showing hand to: technic_angel_1
12/27/2021 01:01:37 AM INFO: Showing hand to: technic_angel_2
12/27/2021 01:01:37 AM INFO: Showing hand to: technic_angel_3
12/27/2021 01:01:37 AM INFO: Showing hand to: technic_angel
12/27/2021 01:01:37 AM INFO: Player technic_angel_3 providing hint to technic_angel: cards with value 1 are in positions: [1, 3]
12/27/2021 01:01:38 AM INFO: Showing hand to: technic_angel_4
12/27/2021 01:01:38 AM INFO: Showing hand to: technic_angel_1
12/27/2021 01:01:38 AM INFO: Showing hand to: technic_angel_2
12/27/2021 01:01:38 AM INFO: Showing hand to: technic_angel_3
12/27/2021 01:01:38 AM INFO: Showing hand to: technic_angel_4
12/27/2021 01:01:38 AM INFO: Showing hand to: technic_angel
12/27/2021 01:01:38 AM INFO: Player technic_angel_4 providing hint to technic_angel: cards with value 4 are in positions: [0, 2]
12/27/2021 01:01:38 AM INFO: Showing hand to: technic_angel_1
12/27/2021 01:01:38 AM INFO: Showing hand to: technic_angel_4
12/27/2021 01:01:38 AM INFO: Showing hand to: technic_angel_3
12/27/2021 01:01:38 AM INFO: Showing hand to: technic_angel_2
12/27/2021 01:01:38 AM INFO: Showing hand to: technic_angel
12/27/2021 01:01:38 AM INFO: Showing hand to: technic_angel
12/27/2021 01:01:38 AM INFO: technic_angel: card played and correctly put on the table
12/27/2021 01:01:38 AM INFO: Giving 1 free note token.
12/27/2021 01:01:38 AM INFO: Showing hand to: technic_angel_1
12/27/2021 01:01:38 AM INFO: Showing hand to: technic_angel_4
12/27/2021 01:01:38 AM INFO: Showing hand to: technic_angel_3
12/27/2021 01:01:38 AM INFO: Showing hand to: technic_angel_2
12/27/2021 01:01:38 AM INFO: Showing hand to: technic_angel_1
12/27/2021 01:01:38 AM INFO: Player technic_angel_1 providing hint to technic_angel: cards with color yellow are in positions: [2]
12/27/2021 01:01:38 AM INFO: Showing hand to: technic_angel
12/27/2021 01:01:38 AM INFO: Showing hand to: technic_angel_1
12/27/2021 01:01:38 AM INFO: Showing hand to: technic_angel_2
12/27/2021 01:01:38 AM INFO: Showing hand to: technic_angel_4
12/27/2021 01:01:38 AM INFO: Showing hand to: technic_angel_3
12/27/2021 01:01:38 AM INFO: Showing hand to: technic_angel_2
12/27/2021 01:01:38 AM INFO: Showing hand to: technic_angel
12/27/2021 01:01:38 AM INFO: Player technic_angel_2 providing hint to technic_angel: cards with value 4 are in positions: [0, 1]
12/27/2021 01:01:38 AM INFO: Showing hand to: technic_angel_4
12/27/2021 01:01:38 AM INFO: Showing hand to: technic_angel_3
12/27/2021 01:01:38 AM INFO: Showing hand to: technic_angel_1
12/27/2021 01:01:38 AM INFO: Showing hand to: technic_angel_2
12/27/2021 01:01:38 AM INFO: Showing hand to: technic_angel_3
12/27/2021 01:01:38 AM INFO: Showing hand to: technic_angel
12/27/2021 01:01:38 AM INFO: Player technic_angel_3 providing hint to technic_angel: cards with value 4 are in positions: [0, 1]
12/27/2021 01:01:38 AM INFO: Showing hand to: technic_angel_4
12/27/2021 01:01:38 AM INFO: Showing hand to: technic_angel_1
12/27/2021 01:01:38 AM INFO: Showing hand to: technic_angel_2
12/27/2021 01:01:38 AM INFO: Showing hand to: technic_angel_4
12/27/2021 01:01:38 AM INFO: Showing hand to: technic_angel_3
12/27/2021 01:01:38 AM INFO: Showing hand to: technic_angel
12/27/2021 01:01:38 AM INFO: Player technic_angel_4 providing hint to technic_angel: cards with value 4 are in positions: [0, 1]
12/27/2021 01:01:38 AM INFO: Showing hand to: technic_angel_1
12/27/2021 01:01:38 AM INFO: Showing hand to: technic_angel_4
12/27/2021 01:01:38 AM INFO: Showing hand to: technic_angel_3
12/27/2021 01:01:38 AM INFO: Showing hand to: technic_angel_2
12/27/2021 01:01:38 AM INFO: Showing hand to: technic_angel
12/27/2021 01:01:38 AM INFO: Showing hand to: technic_angel
12/27/2021 01:01:38 AM INFO: technic_angel: card played and correctly put on the table
12/27/2021 01:01:38 AM INFO: Giving 1 free note token.
12/27/2021 01:01:38 AM INFO: Showing hand to: technic_angel_1
12/27/2021 01:01:38 AM INFO: Showing hand to: technic_angel_3
12/27/2021 01:01:38 AM INFO: Showing hand to: technic_angel_2
12/27/2021 01:01:38 AM INFO: Showing hand to: technic_angel_4
12/27/2021 01:01:38 AM INFO: Showing hand to: technic_angel_1
12/27/2021 01:01:38 AM INFO: Player technic_angel_1 providing hint to technic_angel: cards with value 4 are in positions: [0, 1]
12/27/2021 01:01:39 AM INFO: Showing hand to: technic_angel
12/27/2021 01:01:39 AM INFO: Showing hand to: technic_angel_2
12/27/2021 01:01:39 AM INFO: Showing hand to: technic_angel_3
12/27/2021 01:01:39 AM INFO: Showing hand to: technic_angel_1
12/27/2021 01:01:39 AM INFO: Showing hand to: technic_angel_4
12/27/2021 01:01:39 AM INFO: Showing hand to: technic_angel_2
12/27/2021 01:01:39 AM INFO: Showing hand to: technic_angel
12/27/2021 01:01:39 AM INFO: Player technic_angel_2 providing hint to technic_angel: cards with value 4 are in positions: [0, 1]
12/27/2021 01:01:39 AM INFO: Showing hand to: technic_angel_4
12/27/2021 01:01:39 AM INFO: Showing hand to: technic_angel_3
12/27/2021 01:01:39 AM INFO: Showing hand to: technic_angel_1
12/27/2021 01:01:39 AM INFO: Showing hand to: technic_angel_2
12/27/2021 01:01:39 AM INFO: Showing hand to: technic_angel_3
12/27/2021 01:01:39 AM INFO: Showing hand to: technic_angel
12/27/2021 01:01:39 AM INFO: Player technic_angel_3 providing hint to technic_angel: cards with value 4 are in positions: [0, 1]
12/27/2021 01:01:39 AM INFO: Showing hand to: technic_angel_4
12/27/2021 01:01:39 AM INFO: Showing hand to: technic_angel_1
12/27/2021 01:01:39 AM INFO: Showing hand to: technic_angel_2
12/27/2021 01:01:39 AM INFO: Showing hand to: technic_angel_3
12/27/2021 01:01:39 AM INFO: Showing hand to: technic_angel_4
12/27/2021 01:01:39 AM INFO: Showing hand to: technic_angel
12/27/2021 01:01:39 AM INFO: Player: technic_angel_4: card 27 discarded successfully
12/27/2021 01:01:39 AM INFO: Showing hand to: technic_angel_1
12/27/2021 01:01:39 AM INFO: Showing hand to: technic_angel_2
12/27/2021 01:01:39 AM INFO: Showing hand to: technic_angel_3
12/27/2021 01:01:39 AM INFO: Showing hand to: technic_angel
12/27/2021 01:01:39 AM INFO: Showing hand to: technic_angel_4
12/27/2021 01:01:39 AM INFO: Showing hand to: technic_angel
12/27/2021 01:01:39 AM INFO: Player technic_angel providing hint to technic_angel_1: cards with value 4 are in positions: [0]
12/27/2021 01:01:39 AM INFO: Showing hand to: technic_angel_3
12/27/2021 01:01:39 AM INFO: Showing hand to: technic_angel_2
12/27/2021 01:01:39 AM INFO: Showing hand to: technic_angel_4
12/27/2021 01:01:39 AM INFO: Showing hand to: technic_angel_1
12/27/2021 01:01:39 AM INFO: Showing hand to: technic_angel
12/27/2021 01:01:39 AM INFO: Showing hand to: technic_angel_1
12/27/2021 01:01:39 AM INFO: Player: technic_angel_1: card 13 discarded successfully
12/27/2021 01:01:39 AM INFO: Showing hand to: technic_angel_2
12/27/2021 01:01:39 AM INFO: Showing hand to: technic_angel_3
12/27/2021 01:01:39 AM INFO: Showing hand to: technic_angel_4
12/27/2021 01:01:39 AM INFO: Showing hand to: technic_angel_2
12/27/2021 01:01:39 AM INFO: Showing hand to: technic_angel
12/27/2021 01:01:39 AM INFO: Player technic_angel_2 providing hint to technic_angel: cards with value 4 are in positions: [0, 1]
12/27/2021 01:01:39 AM INFO: Showing hand to: technic_angel_1
12/27/2021 01:01:39 AM INFO: Showing hand to: technic_angel_3
12/27/2021 01:01:40 AM INFO: Showing hand to: technic_angel_4
12/27/2021 01:01:40 AM INFO: Showing hand to: technic_angel_2
12/27/2021 01:01:40 AM INFO: Showing hand to: technic_angel_3
12/27/2021 01:01:40 AM INFO: Showing hand to: technic_angel
12/27/2021 01:01:40 AM INFO: Player: technic_angel_3: card 31 discarded successfully
12/27/2021 01:01:40 AM INFO: Showing hand to: technic_angel_1
12/27/2021 01:01:40 AM INFO: Showing hand to: technic_angel_2
12/27/2021 01:01:40 AM INFO: Showing hand to: technic_angel_3
12/27/2021 01:01:40 AM INFO: Showing hand to: technic_angel_4
12/27/2021 01:01:40 AM INFO: Showing hand to: technic_angel
12/27/2021 01:01:40 AM INFO: Showing hand to: technic_angel_4
12/27/2021 01:01:40 AM INFO: Showing hand to: technic_angel_1
12/27/2021 01:01:40 AM INFO: Player technic_angel_4 providing hint to technic_angel: cards with value 4 are in positions: [0, 1]
12/27/2021 01:01:40 AM INFO: Showing hand to: technic_angel_2
12/27/2021 01:01:40 AM INFO: Showing hand to: technic_angel_3
12/27/2021 01:01:40 AM INFO: Showing hand to: technic_angel_4
12/27/2021 01:01:40 AM INFO: Showing hand to: technic_angel
12/27/2021 01:01:40 AM INFO: Showing hand to: technic_angel_1
12/27/2021 01:01:40 AM INFO: Showing hand to: technic_angel
12/27/2021 01:01:40 AM INFO: Player: technic_angel: card 38 discarded successfully
12/27/2021 01:01:40 AM INFO: Showing hand to: technic_angel_3
12/27/2021 01:01:40 AM INFO: Showing hand to: technic_angel_2
12/27/2021 01:01:40 AM INFO: Showing hand to: technic_angel_4
12/27/2021 01:01:40 AM INFO: Showing hand to: technic_angel_1
12/27/2021 01:01:40 AM INFO: Showing hand to: technic_angel
12/27/2021 01:01:40 AM INFO: Showing hand to: technic_angel_1
12/27/2021 01:01:40 AM INFO: Player technic_angel_1 providing hint to technic_angel: cards with value 4 are in positions: [0]
12/27/2021 01:01:40 AM INFO: Showing hand to: technic_angel_2
12/27/2021 01:01:40 AM INFO: Showing hand to: technic_angel_3
12/27/2021 01:01:40 AM INFO: Showing hand to: technic_angel_4
12/27/2021 01:01:40 AM INFO: Showing hand to: technic_angel_2
12/27/2021 01:01:40 AM INFO: Showing hand to: technic_angel
12/27/2021 01:01:40 AM INFO: Player: technic_angel_2: card 17 discarded successfully
12/27/2021 01:01:40 AM INFO: Showing hand to: technic_angel_1
12/27/2021 01:01:40 AM INFO: Showing hand to: technic_angel_3
12/27/2021 01:01:40 AM INFO: Showing hand to: technic_angel_2
12/27/2021 01:01:40 AM INFO: Showing hand to: technic_angel_4
12/27/2021 01:01:40 AM INFO: Showing hand to: technic_angel_3
12/27/2021 01:01:40 AM INFO: Showing hand to: technic_angel
12/27/2021 01:01:40 AM INFO: Player technic_angel_3 providing hint to technic_angel: cards with value 4 are in positions: [0]
12/27/2021 01:01:40 AM INFO: Showing hand to: technic_angel_1
12/27/2021 01:01:40 AM INFO: Showing hand to: technic_angel_3
12/27/2021 01:01:40 AM INFO: Showing hand to: technic_angel_2
12/27/2021 01:01:40 AM INFO: Showing hand to: technic_angel_4
12/27/2021 01:01:40 AM INFO: Showing hand to: technic_angel
12/27/2021 01:01:40 AM INFO: Showing hand to: technic_angel_4
12/27/2021 01:01:40 AM INFO: Showing hand to: technic_angel_1
12/27/2021 01:01:40 AM INFO: Player: technic_angel_4: card 44 discarded successfully
12/27/2021 01:01:40 AM INFO: Showing hand to: technic_angel_3
12/27/2021 01:01:40 AM INFO: Showing hand to: technic_angel_2
12/27/2021 01:01:40 AM INFO: Showing hand to: technic_angel
12/27/2021 01:01:40 AM INFO: Showing hand to: technic_angel_1
12/27/2021 01:01:40 AM INFO: Showing hand to: technic_angel
12/27/2021 01:01:40 AM INFO: Showing hand to: technic_angel_4
12/27/2021 01:01:40 AM INFO: Player technic_angel providing hint to technic_angel_1: cards with value 4 are in positions: [0, 3]
12/27/2021 01:01:41 AM INFO: Showing hand to: technic_angel_3
12/27/2021 01:01:41 AM INFO: Showing hand to: technic_angel_2
12/27/2021 01:01:41 AM INFO: Showing hand to: technic_angel_1
12/27/2021 01:01:41 AM INFO: Showing hand to: technic_angel
12/27/2021 01:01:41 AM INFO: Showing hand to: technic_angel_1
12/27/2021 01:01:41 AM INFO: Showing hand to: technic_angel_4
12/27/2021 01:01:41 AM INFO: Player: technic_angel_1: card 1 discarded successfully
12/27/2021 01:01:41 AM INFO: Showing hand to: technic_angel_2
12/27/2021 01:01:41 AM INFO: Showing hand to: technic_angel_3
12/27/2021 01:01:41 AM INFO: Showing hand to: technic_angel
12/27/2021 01:01:41 AM INFO: Showing hand to: technic_angel_2
12/27/2021 01:01:41 AM INFO: Showing hand to: technic_angel_1
12/27/2021 01:01:41 AM INFO: Player technic_angel_2 providing hint to technic_angel: cards with value 4 are in positions: [0]
12/27/2021 01:01:41 AM INFO: Showing hand to: technic_angel_4
12/27/2021 01:01:41 AM INFO: Showing hand to: technic_angel_3
12/27/2021 01:01:41 AM INFO: Showing hand to: technic_angel
12/27/2021 01:01:41 AM INFO: Showing hand to: technic_angel_3
12/27/2021 01:01:41 AM INFO: Showing hand to: technic_angel_2
12/27/2021 01:01:41 AM INFO: Showing hand to: technic_angel_1
12/27/2021 01:01:41 AM INFO: Player: technic_angel_3: card 45 discarded successfully
12/27/2021 01:01:41 AM INFO: Showing hand to: technic_angel_4
12/27/2021 01:01:41 AM INFO: Showing hand to: technic_angel_4
12/27/2021 01:01:41 AM INFO: Player technic_angel_4 providing hint to technic_angel: cards with value 4 are in positions: [0]
12/27/2021 01:01:41 AM INFO: Showing hand to: technic_angel
12/27/2021 01:01:41 AM INFO: Showing hand to: technic_angel_2
12/27/2021 01:01:41 AM INFO: Showing hand to: technic_angel_3
12/27/2021 01:01:41 AM INFO: Showing hand to: technic_angel_1
12/27/2021 01:01:41 AM INFO: Showing hand to: technic_angel
12/27/2021 01:01:41 AM INFO: Player: technic_angel: card 43 discarded successfully
12/27/2021 01:01:41 AM INFO: Showing hand to: technic_angel_4
12/27/2021 01:01:41 AM INFO: Showing hand to: technic_angel_3
12/27/2021 01:01:41 AM INFO: Showing hand to: technic_angel_2
12/27/2021 01:01:41 AM INFO: Showing hand to: technic_angel_1
12/27/2021 01:01:41 AM INFO: Showing hand to: technic_angel
12/27/2021 01:01:41 AM INFO: Showing hand to: technic_angel_1
12/27/2021 01:01:41 AM INFO: Showing hand to: technic_angel_4
12/27/2021 01:01:41 AM INFO: Player technic_angel_1 providing hint to technic_angel: cards with value 2 are in positions: [0, 1, 3]
12/27/2021 01:01:41 AM INFO: Showing hand to: technic_angel_2
12/27/2021 01:01:41 AM INFO: Showing hand to: technic_angel_3
12/27/2021 01:01:41 AM INFO: Showing hand to: technic_angel
12/27/2021 01:01:41 AM INFO: Showing hand to: technic_angel_2
12/27/2021 01:01:41 AM INFO: Showing hand to: technic_angel_1
12/27/2021 01:01:41 AM INFO: Player: technic_angel_2: card 23 discarded successfully
12/27/2021 01:01:41 AM INFO: Showing hand to: technic_angel_4
12/27/2021 01:01:41 AM INFO: Showing hand to: technic_angel_3
12/27/2021 01:01:41 AM INFO: Showing hand to: technic_angel_2
12/27/2021 01:01:41 AM INFO: Showing hand to: technic_angel
12/27/2021 01:01:41 AM INFO: Showing hand to: technic_angel_3
12/27/2021 01:01:41 AM INFO: Showing hand to: technic_angel_1
12/27/2021 01:01:41 AM INFO: Player technic_angel_3 providing hint to technic_angel: cards with value 2 are in positions: [0, 1, 3]
12/27/2021 01:01:41 AM INFO: Showing hand to: technic_angel_4
12/27/2021 01:01:41 AM INFO: Showing hand to: technic_angel_4
12/27/2021 01:01:41 AM INFO: Player: technic_angel_4: card 29 discarded successfully
12/27/2021 01:01:41 AM INFO: Showing hand to: technic_angel_2
12/27/2021 01:01:41 AM INFO: Showing hand to: technic_angel_3
12/27/2021 01:01:41 AM INFO: Showing hand to: technic_angel
12/27/2021 01:01:41 AM INFO: Showing hand to: technic_angel_1
12/27/2021 01:01:41 AM INFO: Showing hand to: technic_angel
12/27/2021 01:01:41 AM INFO: Player technic_angel providing hint to technic_angel_1: cards with value 4 are in positions: [0, 2]
12/27/2021 01:01:42 AM INFO: Showing hand to: technic_angel_4
12/27/2021 01:01:42 AM INFO: Showing hand to: technic_angel_3
12/27/2021 01:01:42 AM INFO: Showing hand to: technic_angel_2
12/27/2021 01:01:42 AM INFO: Showing hand to: technic_angel_1
12/27/2021 01:01:42 AM INFO: Showing hand to: technic_angel
12/27/2021 01:01:42 AM INFO: Showing hand to: technic_angel_1
12/27/2021 01:01:42 AM INFO: Showing hand to: technic_angel_4
12/27/2021 01:01:42 AM INFO: Player: technic_angel_1: card 39 discarded successfully
12/27/2021 01:01:42 AM INFO: Showing hand to: technic_angel_3
12/27/2021 01:01:42 AM INFO: Showing hand to: technic_angel_2
12/27/2021 01:01:42 AM INFO: Showing hand to: technic_angel
12/27/2021 01:01:42 AM INFO: Showing hand to: technic_angel_2
12/27/2021 01:01:42 AM INFO: Showing hand to: technic_angel_1
12/27/2021 01:01:42 AM INFO: Player technic_angel_2 providing hint to technic_angel: cards with value 2 are in positions: [0, 1, 3]
12/27/2021 01:01:42 AM INFO: Showing hand to: technic_angel_4
12/27/2021 01:01:42 AM INFO: Showing hand to: technic_angel_3
12/27/2021 01:01:42 AM INFO: Showing hand to: technic_angel
12/27/2021 01:01:42 AM INFO: Showing hand to: technic_angel_2
12/27/2021 01:01:42 AM INFO: Showing hand to: technic_angel_3
12/27/2021 01:01:42 AM INFO: Player: technic_angel_3: card 14 discarded successfully
12/27/2021 01:01:42 AM INFO: Showing hand to: technic_angel_1
12/27/2021 01:01:42 AM INFO: Showing hand to: technic_angel_4
12/27/2021 01:01:42 AM INFO: Showing hand to: technic_angel_4
12/27/2021 01:01:42 AM INFO: Player technic_angel_4 providing hint to technic_angel: cards with value 2 are in positions: [0, 1, 3]
12/27/2021 01:01:42 AM INFO: Showing hand to: technic_angel_2
12/27/2021 01:01:42 AM INFO: Showing hand to: technic_angel
12/27/2021 01:01:42 AM INFO: Showing hand to: technic_angel_3
12/27/2021 01:01:42 AM INFO: Showing hand to: technic_angel_1
12/27/2021 01:01:42 AM INFO: Showing hand to: technic_angel
12/27/2021 01:01:42 AM INFO: Showing hand to: technic_angel_4
12/27/2021 01:01:42 AM INFO: Player: technic_angel: card 20 discarded successfully
12/27/2021 01:01:42 AM INFO: Showing hand to: technic_angel_3
12/27/2021 01:01:42 AM INFO: Showing hand to: technic_angel_2
12/27/2021 01:01:42 AM INFO: Showing hand to: technic_angel_1
12/27/2021 01:01:42 AM INFO: Showing hand to: technic_angel
12/27/2021 01:01:42 AM INFO: Showing hand to: technic_angel_4
12/27/2021 01:01:42 AM INFO: Showing hand to: technic_angel_1
12/27/2021 01:01:42 AM INFO: Player technic_angel_1 providing hint to technic_angel: cards with value 2 are in positions: [0, 2]
12/27/2021 01:01:42 AM INFO: Showing hand to: technic_angel_3
12/27/2021 01:01:42 AM INFO: Showing hand to: technic_angel_2
12/27/2021 01:01:42 AM INFO: Showing hand to: technic_angel
12/27/2021 01:01:42 AM INFO: Showing hand to: technic_angel_2
12/27/2021 01:01:42 AM INFO: Showing hand to: technic_angel_4
12/27/2021 01:01:42 AM INFO: Showing hand to: technic_angel_1
12/27/2021 01:01:42 AM INFO: Player: technic_angel_2: card 5 discarded successfully
12/27/2021 01:01:42 AM INFO: Showing hand to: technic_angel_3
12/27/2021 01:01:42 AM INFO: Showing hand to: technic_angel
12/27/2021 01:01:42 AM INFO: Showing hand to: technic_angel_3
12/27/2021 01:01:42 AM INFO: Showing hand to: technic_angel_2
12/27/2021 01:01:42 AM INFO: Showing hand to: technic_angel_1
12/27/2021 01:01:42 AM INFO: Showing hand to: technic_angel_4
12/27/2021 01:01:42 AM INFO: Player technic_angel_3 providing hint to technic_angel: cards with value 2 are in positions: [0, 2]
12/27/2021 01:01:42 AM INFO: Showing hand to: technic_angel_3
12/27/2021 01:01:42 AM INFO: Showing hand to: technic_angel_2
12/27/2021 01:01:42 AM INFO: Showing hand to: technic_angel
12/27/2021 01:01:42 AM INFO: Showing hand to: technic_angel_4
12/27/2021 01:01:43 AM INFO: Showing hand to: technic_angel_1
12/27/2021 01:01:43 AM INFO: Showing hand to: technic_angel_4
12/27/2021 01:01:43 AM INFO: Player: technic_angel_4: card 46 discarded successfully
12/27/2021 01:01:43 AM INFO: Showing hand to: technic_angel_3
12/27/2021 01:01:43 AM INFO: Showing hand to: technic_angel
12/27/2021 01:01:43 AM INFO: Showing hand to: technic_angel_2
12/27/2021 01:01:43 AM INFO: Showing hand to: technic_angel_1
12/27/2021 01:01:43 AM INFO: Showing hand to: technic_angel
12/27/2021 01:01:43 AM INFO: Showing hand to: technic_angel_4
12/27/2021 01:01:43 AM INFO: Player technic_angel providing hint to technic_angel_1: cards with value 5 are in positions: [0]
12/27/2021 01:01:43 AM INFO: Showing hand to: technic_angel_3
12/27/2021 01:01:43 AM INFO: Showing hand to: technic_angel_2
12/27/2021 01:01:43 AM INFO: Showing hand to: technic_angel
12/27/2021 01:01:43 AM INFO: Showing hand to: technic_angel_1
12/27/2021 01:01:43 AM INFO: Showing hand to: technic_angel_4
12/27/2021 01:01:43 AM INFO: Showing hand to: technic_angel_1
12/27/2021 01:01:43 AM INFO: Player: technic_angel_1: card 49 discarded successfully
12/27/2021 01:01:43 AM INFO: Showing hand to: technic_angel_2
12/27/2021 01:01:43 AM INFO: Showing hand to: technic_angel_3
12/27/2021 01:01:43 AM INFO: Showing hand to: technic_angel
12/27/2021 01:01:43 AM INFO: Showing hand to: technic_angel_2
12/27/2021 01:01:43 AM INFO: Showing hand to: technic_angel_4
12/27/2021 01:01:43 AM INFO: Showing hand to: technic_angel_1
12/27/2021 01:01:43 AM INFO: Player technic_angel_2 providing hint to technic_angel: cards with value 2 are in positions: [0, 2]
12/27/2021 01:01:43 AM INFO: Showing hand to: technic_angel_3
12/27/2021 01:01:43 AM INFO: Showing hand to: technic_angel
12/27/2021 01:01:43 AM INFO: Showing hand to: technic_angel_2
12/27/2021 01:01:43 AM INFO: Showing hand to: technic_angel_3
12/27/2021 01:01:43 AM INFO: Showing hand to: technic_angel_4
12/27/2021 01:01:43 AM INFO: Showing hand to: technic_angel_1
12/27/2021 01:01:43 AM INFO: Player: technic_angel_3: card 35 discarded successfully
12/27/2021 01:01:43 AM INFO: Showing hand to: technic_angel
12/27/2021 01:01:43 AM INFO: Showing hand to: technic_angel_2
12/27/2021 01:01:43 AM INFO: Showing hand to: technic_angel_1
12/27/2021 01:01:43 AM INFO: Showing hand to: technic_angel_4
12/27/2021 01:01:43 AM INFO: Showing hand to: technic_angel_3
12/27/2021 01:01:43 AM INFO: Showing hand to: technic_angel_4
12/27/2021 01:01:43 AM INFO: Player technic_angel_4 providing hint to technic_angel: cards with value 2 are in positions: [0, 2]
12/27/2021 01:01:43 AM INFO: Showing hand to: technic_angel
12/27/2021 01:01:43 AM INFO: Showing hand to: technic_angel_1
12/27/2021 01:01:43 AM INFO: Showing hand to: technic_angel_2
12/27/2021 01:01:43 AM INFO: Showing hand to: technic_angel_3
12/27/2021 01:01:43 AM INFO: Showing hand to: technic_angel
12/27/2021 01:01:43 AM INFO: Showing hand to: technic_angel_4
12/27/2021 01:01:43 AM INFO: Player: technic_angel: card 22 discarded successfully
12/27/2021 01:01:43 AM INFO: Showing hand to: technic_angel_3
12/27/2021 01:01:43 AM INFO: Showing hand to: technic_angel_1
12/27/2021 01:01:43 AM INFO: Showing hand to: technic_angel_2
12/27/2021 01:01:43 AM INFO: Showing hand to: technic_angel
12/27/2021 01:01:43 AM INFO: Showing hand to: technic_angel_4
12/27/2021 01:01:43 AM INFO: Showing hand to: technic_angel_1
12/27/2021 01:01:43 AM INFO: Player technic_angel_1 providing hint to technic_angel: cards with value 3 are in positions: [0, 3]
12/27/2021 01:01:44 AM INFO: Showing hand to: technic_angel
12/27/2021 01:01:44 AM INFO: Showing hand to: technic_angel_2
12/27/2021 01:01:44 AM INFO: Showing hand to: technic_angel_3
12/27/2021 01:01:44 AM INFO: Showing hand to: technic_angel_4
12/27/2021 01:01:44 AM INFO: Showing hand to: technic_angel_2
12/27/2021 01:01:44 AM INFO: Showing hand to: technic_angel_1
12/27/2021 01:01:44 AM INFO: Player: technic_angel_2: card 30 discarded successfully
12/27/2021 01:01:44 AM INFO: Showing hand to: technic_angel
12/27/2021 01:01:44 AM INFO: Showing hand to: technic_angel_3
12/27/2021 01:01:44 AM INFO: Showing hand to: technic_angel_4
12/27/2021 01:01:44 AM INFO: Showing hand to: technic_angel_3
12/27/2021 01:01:44 AM INFO: Showing hand to: technic_angel_2
12/27/2021 01:01:44 AM INFO: Showing hand to: technic_angel_1
12/27/2021 01:01:44 AM INFO: Player technic_angel_3 providing hint to technic_angel: cards with value 3 are in positions: [0, 3]
12/27/2021 01:01:44 AM INFO: Showing hand to: technic_angel
12/27/2021 01:01:44 AM INFO: Showing hand to: technic_angel_3
12/27/2021 01:01:44 AM INFO: Showing hand to: technic_angel_2
12/27/2021 01:01:44 AM INFO: Showing hand to: technic_angel_4
12/27/2021 01:01:44 AM INFO: Showing hand to: technic_angel_4
12/27/2021 01:01:44 AM INFO: Showing hand to: technic_angel_1
12/27/2021 01:01:44 AM INFO: Player: technic_angel_4: card 3 discarded successfully
12/27/2021 01:01:44 AM INFO: Showing hand to: technic_angel
12/27/2021 01:01:44 AM INFO: Showing hand to: technic_angel_3
12/27/2021 01:01:44 AM INFO: Showing hand to: technic_angel_2
12/27/2021 01:01:44 AM INFO: Showing hand to: technic_angel
12/27/2021 01:01:44 AM INFO: Showing hand to: technic_angel_1
12/27/2021 01:01:44 AM INFO: Showing hand to: technic_angel_4
12/27/2021 01:01:44 AM INFO: Player technic_angel providing hint to technic_angel_1: cards with value 4 are in positions: [0, 2]
12/27/2021 01:01:44 AM INFO: Showing hand to: technic_angel_2
12/27/2021 01:01:44 AM INFO: Showing hand to: technic_angel_3
12/27/2021 01:01:44 AM INFO: Showing hand to: technic_angel
12/27/2021 01:01:44 AM INFO: Showing hand to: technic_angel_4
12/27/2021 01:01:44 AM INFO: Showing hand to: technic_angel_1
12/27/2021 01:01:44 AM INFO: Showing hand to: technic_angel_1
12/27/2021 01:01:44 AM INFO: Player: technic_angel_1: card 36 discarded successfully
12/27/2021 01:01:44 AM INFO: Showing hand to: technic_angel_2
12/27/2021 01:01:44 AM INFO: Showing hand to: technic_angel
12/27/2021 01:01:44 AM INFO: Showing hand to: technic_angel_3
12/27/2021 01:01:44 AM INFO: Showing hand to: technic_angel_4
12/27/2021 01:01:44 AM INFO: Showing hand to: technic_angel_2
12/27/2021 01:01:44 AM INFO: Showing hand to: technic_angel_1
12/27/2021 01:01:44 AM INFO: Player technic_angel_2 providing hint to technic_angel: cards with value 3 are in positions: [0, 3]
12/27/2021 01:01:44 AM INFO: Showing hand to: technic_angel_3
12/27/2021 01:01:44 AM INFO: Showing hand to: technic_angel
12/27/2021 01:01:44 AM INFO: Showing hand to: technic_angel_4
12/27/2021 01:01:44 AM INFO: Showing hand to: technic_angel_2
12/27/2021 01:01:44 AM INFO: Showing hand to: technic_angel_3
12/27/2021 01:01:44 AM INFO: Player: technic_angel_3: card 40 discarded successfully
12/27/2021 01:01:44 AM INFO: Showing hand to: technic_angel_1
12/27/2021 01:01:44 AM INFO: Showing hand to: technic_angel
12/27/2021 01:01:44 AM INFO: Showing hand to: technic_angel_3
12/27/2021 01:01:44 AM INFO: Showing hand to: technic_angel_2
12/27/2021 01:01:44 AM INFO: Showing hand to: technic_angel_4
12/27/2021 01:01:44 AM INFO: Showing hand to: technic_angel_4
12/27/2021 01:01:44 AM INFO: Showing hand to: technic_angel_1
12/27/2021 01:01:44 AM INFO: Player technic_angel_4 providing hint to technic_angel: cards with value 3 are in positions: [0, 3]
12/27/2021 01:01:45 AM INFO: Showing hand to: technic_angel
12/27/2021 01:01:45 AM INFO: Showing hand to: technic_angel_3
12/27/2021 01:01:45 AM INFO: Showing hand to: technic_angel_2
12/27/2021 01:01:45 AM INFO: Showing hand to: technic_angel
12/27/2021 01:01:45 AM INFO: Showing hand to: technic_angel_1
12/27/2021 01:01:45 AM INFO: Showing hand to: technic_angel_4
12/27/2021 01:01:45 AM INFO: Player: technic_angel: card 32 discarded successfully
12/27/2021 01:01:45 AM INFO: Showing hand to: technic_angel_3
12/27/2021 01:01:45 AM INFO: Showing hand to: technic_angel_2
12/27/2021 01:01:45 AM INFO: Showing hand to: technic_angel
12/27/2021 01:01:45 AM INFO: Showing hand to: technic_angel_4
12/27/2021 01:01:45 AM INFO: Showing hand to: technic_angel_1
12/27/2021 01:01:45 AM INFO: Showing hand to: technic_angel_1
12/27/2021 01:01:45 AM INFO: Player technic_angel_1 providing hint to technic_angel: cards with value 2 are in positions: [0]
12/27/2021 01:01:45 AM INFO: Showing hand to: technic_angel_2
12/27/2021 01:01:45 AM INFO: Showing hand to: technic_angel_3
12/27/2021 01:01:45 AM INFO: Showing hand to: technic_angel
12/27/2021 01:01:45 AM INFO: Showing hand to: technic_angel_2
12/27/2021 01:01:45 AM INFO: Showing hand to: technic_angel_4
12/27/2021 01:01:45 AM INFO: Player: technic_angel_2: card 10 discarded successfully
12/27/2021 01:01:45 AM INFO: Showing hand to: technic_angel_1
12/27/2021 01:01:45 AM INFO: Showing hand to: technic_angel_3
12/27/2021 01:01:45 AM INFO: Showing hand to: technic_angel_2
12/27/2021 01:01:45 AM INFO: Showing hand to: technic_angel
12/27/2021 01:01:45 AM INFO: Showing hand to: technic_angel_3
12/27/2021 01:01:45 AM INFO: Showing hand to: technic_angel_4
12/27/2021 01:01:45 AM INFO: Player technic_angel_3 providing hint to technic_angel: cards with value 2 are in positions: [0]
12/27/2021 01:01:45 AM INFO: Showing hand to: technic_angel_1
12/27/2021 01:01:45 AM INFO: Showing hand to: technic_angel_3
12/27/2021 01:01:45 AM INFO: Showing hand to: technic_angel_2
12/27/2021 01:01:45 AM INFO: Showing hand to: technic_angel
12/27/2021 01:01:45 AM INFO: Showing hand to: technic_angel_4
12/27/2021 01:01:45 AM INFO: Showing hand to: technic_angel_1
12/27/2021 01:01:45 AM INFO: Showing hand to: technic_angel_4
12/27/2021 01:01:45 AM INFO: Player: technic_angel_4: card 6 discarded successfully
12/27/2021 01:01:45 AM INFO: Showing hand to: technic_angel
12/27/2021 01:01:45 AM INFO: Showing hand to: technic_angel_2
12/27/2021 01:01:45 AM INFO: Showing hand to: technic_angel_3
12/27/2021 01:01:45 AM INFO: Showing hand to: technic_angel
12/27/2021 01:01:45 AM INFO: Showing hand to: technic_angel_4
12/27/2021 01:01:45 AM INFO: Showing hand to: technic_angel_1
12/27/2021 01:01:45 AM INFO: technic_angel: card played and correctly put on the table
12/27/2021 01:01:45 AM INFO: Giving 1 free note token.
12/27/2021 01:01:45 AM INFO: Showing hand to: technic_angel_3
12/27/2021 01:01:45 AM INFO: Showing hand to: technic_angel_2
12/27/2021 01:01:45 AM INFO: Showing hand to: technic_angel
12/27/2021 01:01:45 AM INFO: Showing hand to: technic_angel_4
12/27/2021 01:01:45 AM INFO: Showing hand to: technic_angel_1
12/27/2021 01:01:45 AM INFO: Showing hand to: technic_angel_1
12/27/2021 01:01:45 AM INFO: Player technic_angel_1 providing hint to technic_angel: cards with value 4 are in positions: [0]
12/27/2021 01:01:45 AM INFO: Showing hand to: technic_angel_2
12/27/2021 01:01:45 AM INFO: Showing hand to: technic_angel_3
12/27/2021 01:01:45 AM INFO: Showing hand to: technic_angel
12/27/2021 01:01:45 AM INFO: Showing hand to: technic_angel_2
12/27/2021 01:01:45 AM INFO: Showing hand to: technic_angel_4
12/27/2021 01:01:45 AM INFO: Player technic_angel_2 providing hint to technic_angel: cards with value 4 are in positions: [0]
12/27/2021 01:01:45 AM INFO: Showing hand to: technic_angel_1
12/27/2021 01:01:46 AM INFO: Showing hand to: technic_angel_3
12/27/2021 01:01:46 AM INFO: Showing hand to: technic_angel_2
12/27/2021 01:01:46 AM INFO: Showing hand to: technic_angel
12/27/2021 01:01:46 AM INFO: Showing hand to: technic_angel_3
12/27/2021 01:01:46 AM INFO: Showing hand to: technic_angel_4
12/27/2021 01:01:46 AM INFO: Player: technic_angel_3: card 48 discarded successfully
12/27/2021 01:01:46 AM INFO: Showing hand to: technic_angel_1
12/27/2021 01:01:46 AM INFO: Showing hand to: technic_angel
12/27/2021 01:01:46 AM INFO: Showing hand to: technic_angel_2
12/27/2021 01:01:46 AM INFO: Showing hand to: technic_angel_3
12/27/2021 01:01:46 AM INFO: Showing hand to: technic_angel_4
12/27/2021 01:01:46 AM INFO: Showing hand to: technic_angel_1
12/27/2021 01:01:46 AM INFO: Showing hand to: technic_angel_4
12/27/2021 01:01:46 AM INFO: Player technic_angel_4 providing hint to technic_angel: cards with value 4 are in positions: [0]
12/27/2021 01:01:46 AM INFO: Showing hand to: technic_angel
12/27/2021 01:01:46 AM INFO: Showing hand to: technic_angel_2
12/27/2021 01:01:46 AM INFO: Showing hand to: technic_angel
12/27/2021 01:01:46 AM INFO: Showing hand to: technic_angel_3
12/27/2021 01:01:46 AM INFO: Showing hand to: technic_angel_1
12/27/2021 01:01:46 AM INFO: Player: technic_angel: card 41 discarded successfully
12/27/2021 01:01:46 AM INFO: Showing hand to: technic_angel_4
12/27/2021 01:01:46 AM INFO: Showing hand to: technic_angel_2
12/27/2021 01:01:46 AM INFO: Showing hand to: technic_angel
12/27/2021 01:01:46 AM INFO: Showing hand to: technic_angel_1
12/27/2021 01:01:46 AM INFO: Showing hand to: technic_angel_3
12/27/2021 01:01:46 AM INFO: Showing hand to: technic_angel_4
12/27/2021 01:01:46 AM INFO: Showing hand to: technic_angel_1
12/27/2021 01:01:46 AM INFO: Player technic_angel_1 providing hint to technic_angel: cards with value 3 are in positions: [0, 2]
12/27/2021 01:01:46 AM INFO: Showing hand to: technic_angel_2
12/27/2021 01:01:46 AM INFO: Showing hand to: technic_angel
12/27/2021 01:01:46 AM INFO: Showing hand to: technic_angel_2
12/27/2021 01:01:46 AM INFO: Showing hand to: technic_angel_3
12/27/2021 01:01:46 AM INFO: Player: technic_angel_2: card 19 discarded successfully
12/27/2021 01:01:46 AM INFO: Showing hand to: technic_angel_1
12/27/2021 01:01:46 AM INFO: Showing hand to: technic_angel_4
12/27/2021 01:01:46 AM INFO: Showing hand to: technic_angel
12/27/2021 01:01:46 AM INFO: Showing hand to: technic_angel_2
12/27/2021 01:01:46 AM INFO: Showing hand to: technic_angel_3
12/27/2021 01:01:46 AM INFO: Showing hand to: technic_angel_4
12/27/2021 01:01:46 AM INFO: Showing hand to: technic_angel_1
12/27/2021 01:01:46 AM INFO: Showing hand to: technic_angel_3
12/27/2021 01:01:46 AM INFO: Player technic_angel_3 providing hint to technic_angel: cards with value 3 are in positions: [0, 2]
12/27/2021 01:01:46 AM INFO: Showing hand to: technic_angel
12/27/2021 01:01:46 AM INFO: Showing hand to: technic_angel_2
12/27/2021 01:01:46 AM INFO: Showing hand to: technic_angel_4
12/27/2021 01:01:46 AM INFO: Showing hand to: technic_angel_1
12/27/2021 01:01:46 AM INFO: Showing hand to: technic_angel_3
12/27/2021 01:01:46 AM INFO: Showing hand to: technic_angel_4
12/27/2021 01:01:46 AM INFO: Player: technic_angel_4: card 24 discarded successfully
12/27/2021 01:01:46 AM INFO: Showing hand to: technic_angel
12/27/2021 01:01:46 AM INFO: Showing hand to: technic_angel_2
12/27/2021 01:01:46 AM INFO: Showing hand to: technic_angel
12/27/2021 01:01:47 AM INFO: Showing hand to: technic_angel_1
12/27/2021 01:01:47 AM INFO: Player technic_angel providing hint to technic_angel_1: cards with value 2 are in positions: [0]
12/27/2021 01:01:47 AM INFO: Showing hand to: technic_angel_3
12/27/2021 01:01:47 AM INFO: Showing hand to: technic_angel_4
12/27/2021 01:01:47 AM INFO: Showing hand to: technic_angel_2
12/27/2021 01:01:47 AM INFO: Showing hand to: technic_angel
12/27/2021 01:01:47 AM INFO: Showing hand to: technic_angel_1
12/27/2021 01:01:47 AM INFO: Showing hand to: technic_angel_3
12/27/2021 01:01:47 AM INFO: Showing hand to: technic_angel_4
12/27/2021 01:01:47 AM INFO: Showing hand to: technic_angel_1
12/27/2021 01:01:47 AM INFO: Player: technic_angel_1: card 16 discarded successfully
12/27/2021 01:01:47 AM INFO: Showing hand to: technic_angel_2
12/27/2021 01:01:47 AM INFO: Showing hand to: technic_angel
12/27/2021 01:01:47 AM INFO: Showing hand to: technic_angel_2
12/27/2021 01:01:47 AM INFO: Showing hand to: technic_angel_3
12/27/2021 01:01:47 AM INFO: Player technic_angel_2 providing hint to technic_angel: cards with value 3 are in positions: [0, 2]
12/27/2021 01:01:47 AM INFO: Showing hand to: technic_angel_1
12/27/2021 01:01:47 AM INFO: Showing hand to: technic_angel_4
12/27/2021 01:01:47 AM INFO: Showing hand to: technic_angel
12/27/2021 01:01:47 AM INFO: Showing hand to: technic_angel_2
12/27/2021 01:01:47 AM INFO: Showing hand to: technic_angel_4
12/27/2021 01:01:47 AM INFO: Showing hand to: technic_angel_3
12/27/2021 01:01:47 AM INFO: Showing hand to: technic_angel_1
12/27/2021 01:01:47 AM INFO: Showing hand to: technic_angel_3
12/27/2021 01:01:47 AM INFO: Player: technic_angel_3: card 28 discarded successfully
12/27/2021 01:01:47 AM INFO: Showing hand to: technic_angel_2
12/27/2021 01:01:47 AM INFO: Showing hand to: technic_angel
12/27/2021 01:01:47 AM INFO: Showing hand to: technic_angel_4
12/27/2021 01:01:47 AM INFO: Showing hand to: technic_angel_1
12/27/2021 01:01:47 AM INFO: Showing hand to: technic_angel_4
12/27/2021 01:01:47 AM INFO: Showing hand to: technic_angel_3
12/27/2021 01:01:47 AM INFO: Player technic_angel_4 providing hint to technic_angel: cards with value 3 are in positions: [0, 2]
12/27/2021 01:01:47 AM INFO: Showing hand to: technic_angel
12/27/2021 01:01:47 AM INFO: Showing hand to: technic_angel_1
12/27/2021 01:01:47 AM INFO: Showing hand to: technic_angel_2
12/27/2021 01:01:47 AM INFO: Showing hand to: technic_angel
12/27/2021 01:01:47 AM INFO: Showing hand to: technic_angel_4
12/27/2021 01:01:47 AM INFO: Showing hand to: technic_angel_3
12/27/2021 01:01:47 AM INFO: Player: technic_angel: card 25 discarded successfully
12/27/2021 01:01:47 AM INFO: Showing hand to: technic_angel_1
12/27/2021 01:01:47 AM INFO: Showing hand to: technic_angel_2
12/27/2021 01:01:47 AM INFO: Showing hand to: technic_angel
12/27/2021 01:01:47 AM INFO: Showing hand to: technic_angel_4
12/27/2021 01:01:47 AM INFO: Showing hand to: technic_angel_1
12/27/2021 01:01:47 AM INFO: Showing hand to: technic_angel_3
12/27/2021 01:01:47 AM INFO: Player technic_angel_1 providing hint to technic_angel: cards with value 1 are in positions: [0]
12/27/2021 01:01:47 AM INFO: Showing hand to: technic_angel_2
12/27/2021 01:01:47 AM INFO: Showing hand to: technic_angel_1
12/27/2021 01:01:47 AM INFO: Showing hand to: technic_angel_4
12/27/2021 01:01:47 AM INFO: Showing hand to: technic_angel
12/27/2021 01:01:47 AM INFO: Showing hand to: technic_angel_2
12/27/2021 01:01:47 AM INFO: Showing hand to: technic_angel_3
12/27/2021 01:01:47 AM INFO: Player: technic_angel_2: card 37 discarded successfully
12/27/2021 01:01:48 AM INFO: Showing hand to: technic_angel_1
12/27/2021 01:01:48 AM INFO: Showing hand to: technic_angel_2
12/27/2021 01:01:48 AM INFO: Showing hand to: technic_angel
12/27/2021 01:01:48 AM INFO: Showing hand to: technic_angel_4
12/27/2021 01:01:48 AM INFO: Showing hand to: technic_angel_3
12/27/2021 01:01:48 AM INFO: Showing hand to: technic_angel_3
12/27/2021 01:01:48 AM INFO: Player technic_angel_3 providing hint to technic_angel: cards with value 1 are in positions: [0]
12/27/2021 01:01:48 AM INFO: Showing hand to: technic_angel
12/27/2021 01:01:48 AM INFO: Showing hand to: technic_angel_4
12/27/2021 01:01:48 AM INFO: Showing hand to: technic_angel_1
12/27/2021 01:01:48 AM INFO: Showing hand to: technic_angel_2
12/27/2021 01:01:48 AM INFO: Showing hand to: technic_angel_4
12/27/2021 01:01:48 AM INFO: Showing hand to: technic_angel_3
12/27/2021 01:01:48 AM INFO: Player: technic_angel_4: card 18 discarded successfully
12/27/2021 01:01:48 AM INFO: Showing hand to: technic_angel_1
12/27/2021 01:01:48 AM INFO: Showing hand to: technic_angel_2
12/27/2021 01:01:48 AM INFO: Showing hand to: technic_angel
12/27/2021 01:01:48 AM INFO: Showing hand to: technic_angel_4
12/27/2021 01:01:48 AM INFO: Showing hand to: technic_angel
12/27/2021 01:01:48 AM INFO: Showing hand to: technic_angel_3
12/27/2021 01:01:48 AM INFO: Game over, people.
12/27/2021 01:01:48 AM INFO: Please, close the server now
12/27/2021 01:01:48 AM INFO: Score: 5
12/27/2021 01:01:48 AM INFO: Error Tokens: 0
12/27/2021 01:01:48 AM INFO: red: 0
12/27/2021 01:01:48 AM INFO: yellow: 2
12/27/2021 01:01:48 AM INFO: green: 1
12/27/2021 01:01:48 AM INFO: blue: 1
12/27/2021 01:01:48 AM INFO: white: 1
12/27/2021 01:20:38 AM INFO: Hanabi server started on 127.0.0.1:1024
12/27/2021 01:20:40 AM INFO: Connected by: ('127.0.0.1', 52190)
12/27/2021 01:20:40 AM INFO: Player connected: technic_angel
12/27/2021 01:20:42 AM INFO: Connected by: ('127.0.0.1', 52192)
12/27/2021 01:20:42 AM INFO: Player connected: technic_angel_1
12/27/2021 01:20:43 AM INFO: Connected by: ('127.0.0.1', 52193)
12/27/2021 01:20:43 AM INFO: Player connected: technic_angel_2
12/27/2021 01:20:45 AM INFO: Connected by: ('127.0.0.1', 52194)
12/27/2021 01:20:45 AM INFO: Player connected: technic_angel_3
12/27/2021 01:20:46 AM INFO: Connected by: ('127.0.0.1', 52196)
12/27/2021 01:20:46 AM INFO: Player connected: technic_angel_4
12/27/2021 01:20:46 AM INFO: Player ready: technic_angel_4
12/27/2021 01:20:47 AM INFO: Player ready: technic_angel_3
12/27/2021 01:20:47 AM INFO: Player ready: technic_angel_2
12/27/2021 01:20:48 AM INFO: Player ready: technic_angel_1
12/27/2021 01:20:48 AM INFO: Player ready: technic_angel
12/27/2021 01:20:48 AM INFO: Game start! Between: ['technic_angel', 'technic_angel_1', 'technic_angel_2', 'technic_angel_3', 'technic_angel_4']
12/27/2021 01:20:48 AM INFO: Ok, let's start the game!
12/27/2021 01:20:48 AM INFO: Showing hand to: technic_angel_1
12/27/2021 01:20:48 AM INFO: Showing hand to: technic_angel_2
12/27/2021 01:20:48 AM INFO: Showing hand to: technic_angel
12/27/2021 01:20:48 AM INFO: Showing hand to: technic_angel_4
12/27/2021 01:20:48 AM INFO: Showing hand to: technic_angel_3
12/27/2021 01:20:48 AM INFO: Showing hand to: technic_angel
12/27/2021 01:20:48 AM INFO: Player technic_angel providing hint to technic_angel_1: cards with value 1 are in positions: [2]
12/27/2021 01:20:48 AM INFO: Showing hand to: technic_angel_4
12/27/2021 01:20:48 AM INFO: Showing hand to: technic_angel_3
12/27/2021 01:20:48 AM INFO: Showing hand to: technic_angel_2
12/27/2021 01:20:48 AM INFO: Showing hand to: technic_angel_1
12/27/2021 01:20:48 AM INFO: Showing hand to: technic_angel
12/27/2021 01:20:48 AM INFO: Showing hand to: technic_angel_1
12/27/2021 01:20:48 AM INFO: technic_angel_1: card played and correctly put on the table
12/27/2021 01:20:48 AM INFO: Giving 1 free note token.
12/27/2021 01:20:48 AM INFO: Showing hand to: technic_angel
12/27/2021 01:20:48 AM INFO: Showing hand to: technic_angel_2
12/27/2021 01:20:48 AM INFO: Showing hand to: technic_angel_4
12/27/2021 01:20:48 AM INFO: Showing hand to: technic_angel_3
12/27/2021 01:20:48 AM INFO: Showing hand to: technic_angel_2
12/27/2021 01:20:48 AM INFO: Showing hand to: technic_angel_1
12/27/2021 01:20:49 AM INFO: Player technic_angel_2 providing hint to technic_angel: cards with color yellow are in positions: [0]
12/27/2021 01:20:49 AM INFO: Showing hand to: technic_angel
12/27/2021 01:20:49 AM INFO: Showing hand to: technic_angel_3
12/27/2021 01:20:49 AM INFO: Showing hand to: technic_angel_4
12/27/2021 01:20:49 AM INFO: Showing hand to: technic_angel_2
12/27/2021 01:20:49 AM INFO: Showing hand to: technic_angel_1
12/27/2021 01:20:49 AM INFO: Showing hand to: technic_angel_3
12/27/2021 01:20:49 AM INFO: Player technic_angel_3 providing hint to technic_angel: cards with value 1 are in positions: [0]
12/27/2021 01:20:49 AM INFO: Showing hand to: technic_angel_4
12/27/2021 01:20:49 AM INFO: Showing hand to: technic_angel
12/27/2021 01:20:49 AM INFO: Showing hand to: technic_angel_4
12/27/2021 01:20:49 AM INFO: Showing hand to: technic_angel_1
12/27/2021 01:20:49 AM INFO: Showing hand to: technic_angel_2
12/27/2021 01:20:49 AM INFO: Showing hand to: technic_angel_3
12/27/2021 01:20:49 AM INFO: Player technic_angel_4 providing hint to technic_angel: cards with value 2 are in positions: [1]
12/27/2021 01:20:49 AM INFO: Showing hand to: technic_angel
12/27/2021 01:20:49 AM INFO: Showing hand to: technic_angel_3
12/27/2021 01:20:49 AM INFO: Showing hand to: technic_angel_1
12/27/2021 01:20:49 AM INFO: Showing hand to: technic_angel_2
12/27/2021 01:20:49 AM INFO: Showing hand to: technic_angel
12/27/2021 01:20:49 AM INFO: Showing hand to: technic_angel_4
12/27/2021 01:20:49 AM INFO: technic_angel: card played and correctly put on the table
12/27/2021 01:20:49 AM INFO: Giving 1 free note token.
12/27/2021 01:20:49 AM INFO: Showing hand to: technic_angel_2
12/27/2021 01:20:49 AM INFO: Showing hand to: technic_angel_1
12/27/2021 01:20:49 AM INFO: Showing hand to: technic_angel
12/27/2021 01:20:49 AM INFO: Showing hand to: technic_angel_3
12/27/2021 01:20:49 AM INFO: Showing hand to: technic_angel_1
12/27/2021 01:20:49 AM INFO: Showing hand to: technic_angel_4
12/27/2021 01:20:49 AM INFO: Player technic_angel_1 providing hint to technic_angel_3: cards with color white are in positions: [0, 3]
12/27/2021 01:20:49 AM INFO: Showing hand to: technic_angel
12/27/2021 01:20:49 AM INFO: Showing hand to: technic_angel_2
12/27/2021 01:20:49 AM INFO: Showing hand to: technic_angel_3
12/27/2021 01:20:49 AM INFO: Showing hand to: technic_angel_4
12/27/2021 01:20:49 AM INFO: Showing hand to: technic_angel_1
12/27/2021 01:20:49 AM INFO: Showing hand to: technic_angel_2
12/27/2021 01:20:49 AM INFO: Player technic_angel_2 providing hint to technic_angel: cards with value 2 are in positions: [0]
12/27/2021 01:20:49 AM INFO: Showing hand to: technic_angel
12/27/2021 01:20:49 AM INFO: Showing hand to: technic_angel_3
12/27/2021 01:20:49 AM INFO: Showing hand to: technic_angel_2
12/27/2021 01:20:49 AM INFO: Showing hand to: technic_angel_4
12/27/2021 01:20:49 AM INFO: Showing hand to: technic_angel_1
12/27/2021 01:20:49 AM INFO: Showing hand to: technic_angel_3
12/27/2021 01:20:49 AM INFO: Player technic_angel_3 providing hint to technic_angel: cards with value 2 are in positions: [0]
12/27/2021 01:20:49 AM INFO: Showing hand to: technic_angel
12/27/2021 01:20:49 AM INFO: Showing hand to: technic_angel_2
12/27/2021 01:20:49 AM INFO: Showing hand to: technic_angel_3
12/27/2021 01:20:49 AM INFO: Showing hand to: technic_angel_1
12/27/2021 01:20:49 AM INFO: Showing hand to: technic_angel_4
12/27/2021 01:20:49 AM INFO: Showing hand to: technic_angel_4
12/27/2021 01:20:49 AM INFO: Player technic_angel_4 providing hint to technic_angel: cards with value 2 are in positions: [0]
12/27/2021 01:20:49 AM INFO: Showing hand to: technic_angel
12/27/2021 01:20:50 AM INFO: Showing hand to: technic_angel_1
12/27/2021 01:20:50 AM INFO: Showing hand to: technic_angel_2
12/27/2021 01:20:50 AM INFO: Showing hand to: technic_angel_3
12/27/2021 01:20:50 AM INFO: Showing hand to: technic_angel
12/27/2021 01:20:50 AM INFO: Showing hand to: technic_angel_4
12/27/2021 01:20:50 AM INFO: Player technic_angel providing hint to technic_angel_1: cards with value 2 are in positions: [0]
12/27/2021 01:20:50 AM INFO: Showing hand to: technic_angel_2
12/27/2021 01:20:50 AM INFO: Showing hand to: technic_angel_3
12/27/2021 01:20:50 AM INFO: Showing hand to: technic_angel_1
12/27/2021 01:20:50 AM INFO: Showing hand to: technic_angel
12/27/2021 01:20:50 AM INFO: Showing hand to: technic_angel_4
12/27/2021 01:20:50 AM INFO: Showing hand to: technic_angel_1
12/27/2021 01:20:50 AM INFO: Player technic_angel_1 providing hint to technic_angel: cards with value 2 are in positions: [0]
12/27/2021 01:20:50 AM INFO: Showing hand to: technic_angel_2
12/27/2021 01:20:50 AM INFO: Showing hand to: technic_angel_3
12/27/2021 01:20:50 AM INFO: Showing hand to: technic_angel
12/27/2021 01:20:50 AM INFO: Showing hand to: technic_angel_2
12/27/2021 01:20:50 AM INFO: Showing hand to: technic_angel_1
12/27/2021 01:20:50 AM INFO: Showing hand to: technic_angel_4
12/27/2021 01:20:50 AM INFO: Player: technic_angel_2: card 33 discarded successfully
12/27/2021 01:20:50 AM INFO: Showing hand to: technic_angel_3
12/27/2021 01:20:50 AM INFO: Showing hand to: technic_angel
12/27/2021 01:20:50 AM INFO: Showing hand to: technic_angel_1
12/27/2021 01:20:50 AM INFO: Showing hand to: technic_angel_4
12/27/2021 01:20:50 AM INFO: Showing hand to: technic_angel_2
12/27/2021 01:20:50 AM INFO: Showing hand to: technic_angel_3
12/27/2021 01:20:50 AM INFO: Player technic_angel_3 providing hint to technic_angel: cards with value 2 are in positions: [0]
12/27/2021 01:20:50 AM INFO: Showing hand to: technic_angel_2
12/27/2021 01:20:50 AM INFO: Showing hand to: technic_angel_1
12/27/2021 01:20:50 AM INFO: Showing hand to: technic_angel
12/27/2021 01:20:50 AM INFO: Showing hand to: technic_angel_4
12/27/2021 01:20:50 AM INFO: Showing hand to: technic_angel_3
12/27/2021 01:20:50 AM INFO: Showing hand to: technic_angel_4
12/27/2021 01:20:50 AM INFO: Player: technic_angel_4: card 35 discarded successfully
12/27/2021 01:20:50 AM INFO: Showing hand to: technic_angel_2
12/27/2021 01:20:50 AM INFO: Showing hand to: technic_angel_1
12/27/2021 01:20:50 AM INFO: Showing hand to: technic_angel
12/27/2021 01:20:50 AM INFO: Showing hand to: technic_angel_3
12/27/2021 01:20:50 AM INFO: Showing hand to: technic_angel
12/27/2021 01:20:50 AM INFO: Showing hand to: technic_angel_4
12/27/2021 01:20:50 AM INFO: Player technic_angel providing hint to technic_angel_1: cards with value 2 are in positions: [0]
12/27/2021 01:20:50 AM INFO: Showing hand to: technic_angel_2
12/27/2021 01:20:50 AM INFO: Showing hand to: technic_angel_1
12/27/2021 01:20:50 AM INFO: Showing hand to: technic_angel_3
12/27/2021 01:20:50 AM INFO: Showing hand to: technic_angel
12/27/2021 01:20:50 AM INFO: Showing hand to: technic_angel_1
12/27/2021 01:20:50 AM INFO: Showing hand to: technic_angel_4
12/27/2021 01:20:50 AM INFO: Player: technic_angel_1: card 23 discarded successfully
12/27/2021 01:20:51 AM INFO: Showing hand to: technic_angel_2
12/27/2021 01:20:51 AM INFO: Showing hand to: technic_angel_2
12/27/2021 01:20:51 AM INFO: Showing hand to: technic_angel_1
12/27/2021 01:20:51 AM INFO: Showing hand to: technic_angel_3
12/27/2021 01:20:51 AM INFO: Showing hand to: technic_angel
12/27/2021 01:20:51 AM INFO: Player technic_angel_2 providing hint to technic_angel_1: cards with value 3 are in positions: [3]
12/27/2021 01:20:51 AM INFO: Showing hand to: technic_angel_4
12/27/2021 01:20:51 AM INFO: Showing hand to: technic_angel_2
12/27/2021 01:20:51 AM INFO: Showing hand to: technic_angel
12/27/2021 01:20:51 AM INFO: Showing hand to: technic_angel_1
12/27/2021 01:20:51 AM INFO: Showing hand to: technic_angel_3
12/27/2021 01:20:51 AM INFO: Showing hand to: technic_angel_4
12/27/2021 01:20:51 AM INFO: Showing hand to: technic_angel_3
12/27/2021 01:20:51 AM INFO: Player: technic_angel_3: card 14 discarded successfully
12/27/2021 01:20:51 AM INFO: Showing hand to: technic_angel_2
12/27/2021 01:20:51 AM INFO: Showing hand to: technic_angel
12/27/2021 01:20:51 AM INFO: Showing hand to: technic_angel_1
12/27/2021 01:20:51 AM INFO: Showing hand to: technic_angel_3
12/27/2021 01:20:51 AM INFO: Showing hand to: technic_angel_4
12/27/2021 01:20:51 AM INFO: Showing hand to: technic_angel_4
12/27/2021 01:20:51 AM INFO: Player technic_angel_4 providing hint to technic_angel: cards with value 2 are in positions: [0]
12/27/2021 01:20:51 AM INFO: Showing hand to: technic_angel_2
12/27/2021 01:20:51 AM INFO: Showing hand to: technic_angel_1
12/27/2021 01:20:51 AM INFO: Showing hand to: technic_angel
12/27/2021 01:20:51 AM INFO: Showing hand to: technic_angel_3
12/27/2021 01:20:51 AM INFO: Showing hand to: technic_angel
12/27/2021 01:20:51 AM INFO: Showing hand to: technic_angel_4
12/27/2021 01:20:51 AM INFO: Player: technic_angel: card 22 discarded successfully
12/27/2021 01:20:51 AM INFO: Showing hand to: technic_angel_2
12/27/2021 01:20:51 AM INFO: Showing hand to: technic_angel_1
12/27/2021 01:20:51 AM INFO: Showing hand to: technic_angel
12/27/2021 01:20:51 AM INFO: Showing hand to: technic_angel_3
12/27/2021 01:20:51 AM INFO: Showing hand to: technic_angel_1
12/27/2021 01:20:51 AM INFO: Showing hand to: technic_angel_4
12/27/2021 01:20:51 AM INFO: Player technic_angel_1 providing hint to technic_angel: cards with value 5 are in positions: [2]
12/27/2021 01:20:51 AM INFO: Showing hand to: technic_angel_2
12/27/2021 01:20:51 AM INFO: Showing hand to: technic_angel_2
12/27/2021 01:20:51 AM INFO: Showing hand to: technic_angel
12/27/2021 01:20:51 AM INFO: Showing hand to: technic_angel_3
12/27/2021 01:20:51 AM INFO: Player: technic_angel_2: card 49 discarded successfully
12/27/2021 01:20:51 AM INFO: Showing hand to: technic_angel_1
12/27/2021 01:20:51 AM INFO: Showing hand to: technic_angel_4
12/27/2021 01:20:51 AM INFO: Showing hand to: technic_angel_2
12/27/2021 01:20:51 AM INFO: Showing hand to: technic_angel_3
12/27/2021 01:20:51 AM INFO: Showing hand to: technic_angel
12/27/2021 01:20:51 AM INFO: Showing hand to: technic_angel_3
12/27/2021 01:20:51 AM INFO: Showing hand to: technic_angel_4
12/27/2021 01:20:51 AM INFO: Showing hand to: technic_angel_1
12/27/2021 01:20:51 AM INFO: Player technic_angel_3 providing hint to technic_angel: cards with value 3 are in positions: [0, 1]
12/27/2021 01:20:51 AM INFO: Showing hand to: technic_angel_2
12/27/2021 01:20:51 AM INFO: Showing hand to: technic_angel
12/27/2021 01:20:51 AM INFO: Showing hand to: technic_angel_3
12/27/2021 01:20:51 AM INFO: Showing hand to: technic_angel_4
12/27/2021 01:20:51 AM INFO: Showing hand to: technic_angel_1
12/27/2021 01:20:51 AM INFO: Showing hand to: technic_angel_4
12/27/2021 01:20:51 AM INFO: Player: technic_angel_4: card 8 discarded successfully
12/27/2021 01:20:52 AM INFO: Showing hand to: technic_angel_2
12/27/2021 01:20:52 AM INFO: Showing hand to: technic_angel
12/27/2021 01:20:52 AM INFO: Showing hand to: technic_angel_3
12/27/2021 01:20:52 AM INFO: Showing hand to: technic_angel
12/27/2021 01:20:52 AM INFO: Showing hand to: technic_angel_1
12/27/2021 01:20:52 AM INFO: Player technic_angel providing hint to technic_angel_1: cards with value 4 are in positions: [0, 1, 2]
12/27/2021 01:20:52 AM INFO: Showing hand to: technic_angel_4
12/27/2021 01:20:52 AM INFO: Showing hand to: technic_angel_2
12/27/2021 01:20:52 AM INFO: Showing hand to: technic_angel
12/27/2021 01:20:52 AM INFO: Showing hand to: technic_angel_3
12/27/2021 01:20:52 AM INFO: Showing hand to: technic_angel_1
12/27/2021 01:20:52 AM INFO: Showing hand to: technic_angel_4
12/27/2021 01:20:52 AM INFO: Showing hand to: technic_angel_1
12/27/2021 01:20:52 AM INFO: Player: technic_angel_1: card 37 discarded successfully
12/27/2021 01:20:52 AM INFO: Showing hand to: technic_angel_2
12/27/2021 01:20:52 AM INFO: Showing hand to: technic_angel_2
12/27/2021 01:20:52 AM INFO: Showing hand to: technic_angel_3
12/27/2021 01:20:52 AM INFO: Showing hand to: technic_angel
12/27/2021 01:20:52 AM INFO: Player technic_angel_2 providing hint to technic_angel: cards with value 3 are in positions: [0, 1]
12/27/2021 01:20:52 AM INFO: Showing hand to: technic_angel_4
12/27/2021 01:20:52 AM INFO: Showing hand to: technic_angel_1
12/27/2021 01:20:52 AM INFO: Showing hand to: technic_angel_2
12/27/2021 01:20:52 AM INFO: Showing hand to: technic_angel_3
12/27/2021 01:20:52 AM INFO: Showing hand to: technic_angel
12/27/2021 01:20:52 AM INFO: Showing hand to: technic_angel_3
12/27/2021 01:20:52 AM INFO: Showing hand to: technic_angel_4
12/27/2021 01:20:52 AM INFO: Showing hand to: technic_angel_1
12/27/2021 01:20:52 AM INFO: Player: technic_angel_3: card 11 discarded successfully
12/27/2021 01:20:52 AM INFO: Showing hand to: technic_angel_2
12/27/2021 01:20:52 AM INFO: Showing hand to: technic_angel
12/27/2021 01:20:52 AM INFO: Showing hand to: technic_angel_3
12/27/2021 01:20:52 AM INFO: Showing hand to: technic_angel_1
12/27/2021 01:20:52 AM INFO: Showing hand to: technic_angel_4
12/27/2021 01:20:52 AM INFO: Showing hand to: technic_angel_4
12/27/2021 01:20:52 AM INFO: Player technic_angel_4 providing hint to technic_angel: cards with value 3 are in positions: [0, 1]
12/27/2021 01:20:52 AM INFO: Showing hand to: technic_angel_2
12/27/2021 01:20:52 AM INFO: Showing hand to: technic_angel
12/27/2021 01:20:52 AM INFO: Showing hand to: technic_angel_3
12/27/2021 01:20:52 AM INFO: Showing hand to: technic_angel
12/27/2021 01:20:52 AM INFO: Showing hand to: technic_angel_1
12/27/2021 01:20:52 AM INFO: Player: technic_angel: card 25 discarded successfully
12/27/2021 01:20:52 AM INFO: Showing hand to: technic_angel_4
12/27/2021 01:20:52 AM INFO: Showing hand to: technic_angel_2
12/27/2021 01:20:52 AM INFO: Showing hand to: technic_angel
12/27/2021 01:20:52 AM INFO: Showing hand to: technic_angel_3
12/27/2021 01:20:52 AM INFO: Showing hand to: technic_angel_1
12/27/2021 01:20:52 AM INFO: Showing hand to: technic_angel_4
12/27/2021 01:20:52 AM INFO: Showing hand to: technic_angel_1
12/27/2021 01:20:52 AM INFO: Player technic_angel_1 providing hint to technic_angel: cards with value 3 are in positions: [0]
12/27/2021 01:20:52 AM INFO: Showing hand to: technic_angel_2
12/27/2021 01:20:52 AM INFO: Showing hand to: technic_angel_2
12/27/2021 01:20:52 AM INFO: Showing hand to: technic_angel
12/27/2021 01:20:52 AM INFO: Showing hand to: technic_angel_3
12/27/2021 01:20:52 AM INFO: Player: technic_angel_2: card 17 discarded successfully
12/27/2021 01:20:53 AM INFO: Showing hand to: technic_angel_4
12/27/2021 01:20:53 AM INFO: Showing hand to: technic_angel_1
12/27/2021 01:20:53 AM INFO: Showing hand to: technic_angel_2
12/27/2021 01:20:53 AM INFO: Showing hand to: technic_angel_3
12/27/2021 01:20:53 AM INFO: Showing hand to: technic_angel
12/27/2021 01:20:53 AM INFO: Showing hand to: technic_angel_3
12/27/2021 01:20:53 AM INFO: Player technic_angel_3 providing hint to technic_angel: cards with value 3 are in positions: [0]
12/27/2021 01:20:53 AM INFO: Showing hand to: technic_angel_4
12/27/2021 01:20:53 AM INFO: Showing hand to: technic_angel_1
12/27/2021 01:20:53 AM INFO: Showing hand to: technic_angel_4
12/27/2021 01:20:53 AM INFO: Player: technic_angel_4: card 5 discarded successfully
12/27/2021 01:20:53 AM INFO: Showing hand to: technic_angel_2
12/27/2021 01:20:53 AM INFO: Showing hand to: technic_angel
12/27/2021 01:20:53 AM INFO: Showing hand to: technic_angel_3
12/27/2021 01:20:53 AM INFO: Showing hand to: technic_angel
12/27/2021 01:20:53 AM INFO: Player technic_angel providing hint to technic_angel_1: cards with value 4 are in positions: [0, 1, 3]
12/27/2021 01:20:53 AM INFO: Showing hand to: technic_angel_1
12/27/2021 01:20:53 AM INFO: Showing hand to: technic_angel_4
12/27/2021 01:20:53 AM INFO: Showing hand to: technic_angel_1
12/27/2021 01:20:53 AM INFO: Player: technic_angel_1: card 38 discarded successfully
12/27/2021 01:20:53 AM INFO: Showing hand to: technic_angel_2
12/27/2021 01:20:53 AM INFO: Showing hand to: technic_angel_2
12/27/2021 01:20:53 AM INFO: Showing hand to: technic_angel
12/27/2021 01:20:53 AM INFO: Showing hand to: technic_angel_3
12/27/2021 01:20:53 AM INFO: Player technic_angel_2 providing hint to technic_angel: cards with value 3 are in positions: [0]
12/27/2021 01:20:53 AM INFO: Showing hand to: technic_angel_1
12/27/2021 01:20:53 AM INFO: Showing hand to: technic_angel_4
12/27/2021 01:20:53 AM INFO: Showing hand to: technic_angel_2
12/27/2021 01:20:53 AM INFO: Showing hand to: technic_angel_3
12/27/2021 01:20:53 AM INFO: Showing hand to: technic_angel
12/27/2021 01:20:53 AM INFO: Showing hand to: technic_angel_3
12/27/2021 01:20:53 AM INFO: Player: technic_angel_3: card 48 discarded successfully
12/27/2021 01:20:53 AM INFO: Showing hand to: technic_angel_1
12/27/2021 01:20:53 AM INFO: Showing hand to: technic_angel_4
12/27/2021 01:20:53 AM INFO: Showing hand to: technic_angel_4
12/27/2021 01:20:53 AM INFO: Player technic_angel_4 providing hint to technic_angel: cards with value 3 are in positions: [0]
12/27/2021 01:20:53 AM INFO: Showing hand to: technic_angel_2
12/27/2021 01:20:53 AM INFO: Showing hand to: technic_angel
12/27/2021 01:20:53 AM INFO: Showing hand to: technic_angel_3
12/27/2021 01:20:53 AM INFO: Showing hand to: technic_angel
12/27/2021 01:20:53 AM INFO: Player: technic_angel: card 29 discarded successfully
12/27/2021 01:20:53 AM INFO: Showing hand to: technic_angel_1
12/27/2021 01:20:53 AM INFO: Showing hand to: technic_angel_4
12/27/2021 01:20:53 AM INFO: Showing hand to: technic_angel_1
12/27/2021 01:20:53 AM INFO: Player technic_angel_1 providing hint to technic_angel: cards with value 5 are in positions: [0]
12/27/2021 01:20:53 AM INFO: Showing hand to: technic_angel_2
12/27/2021 01:20:53 AM INFO: Showing hand to: technic_angel_2
12/27/2021 01:20:53 AM INFO: Showing hand to: technic_angel
12/27/2021 01:20:53 AM INFO: Showing hand to: technic_angel_3
12/27/2021 01:20:53 AM INFO: Player: technic_angel_2: card 30 discarded successfully
12/27/2021 01:20:53 AM INFO: Showing hand to: technic_angel_4
12/27/2021 01:20:53 AM INFO: Showing hand to: technic_angel_1
12/27/2021 01:20:53 AM INFO: Showing hand to: technic_angel_2
12/27/2021 01:20:53 AM INFO: Showing hand to: technic_angel
12/27/2021 01:20:53 AM INFO: Showing hand to: technic_angel_3
12/27/2021 01:20:53 AM INFO: Showing hand to: technic_angel_3
12/27/2021 01:20:53 AM INFO: Player technic_angel_3 providing hint to technic_angel: cards with value 5 are in positions: [0]
12/27/2021 01:20:53 AM INFO: Showing hand to: technic_angel_1
12/27/2021 01:20:53 AM INFO: Showing hand to: technic_angel_4
12/27/2021 01:20:53 AM INFO: Showing hand to: technic_angel_4
12/27/2021 01:20:53 AM INFO: Player: technic_angel_4: card 34 discarded successfully
12/27/2021 01:20:53 AM INFO: Showing hand to: technic_angel_2
12/27/2021 01:20:54 AM INFO: Showing hand to: technic_angel
12/27/2021 01:20:54 AM INFO: Showing hand to: technic_angel_3
12/27/2021 01:20:54 AM INFO: Showing hand to: technic_angel
12/27/2021 01:20:54 AM INFO: Player technic_angel providing hint to technic_angel_1: cards with value 4 are in positions: [0, 2]
12/27/2021 01:20:54 AM INFO: Showing hand to: technic_angel_1
12/27/2021 01:20:54 AM INFO: Showing hand to: technic_angel_1
12/27/2021 01:20:54 AM INFO: Showing hand to: technic_angel_4
12/27/2021 01:20:54 AM INFO: Player: technic_angel_1: card 36 discarded successfully
12/27/2021 01:20:54 AM INFO: Showing hand to: technic_angel_2
12/27/2021 01:20:54 AM INFO: Showing hand to: technic_angel_2
12/27/2021 01:20:54 AM INFO: Showing hand to: technic_angel_3
12/27/2021 01:20:54 AM INFO: Player technic_angel_2 providing hint to technic_angel: cards with value 5 are in positions: [0]
12/27/2021 01:20:54 AM INFO: Showing hand to: technic_angel
12/27/2021 01:20:54 AM INFO: Showing hand to: technic_angel_1
12/27/2021 01:20:54 AM INFO: Showing hand to: technic_angel_4
12/27/2021 01:20:54 AM INFO: Showing hand to: technic_angel_2
12/27/2021 01:20:54 AM INFO: Showing hand to: technic_angel_3
12/27/2021 01:20:54 AM INFO: Showing hand to: technic_angel
12/27/2021 01:20:54 AM INFO: Showing hand to: technic_angel_3
12/27/2021 01:20:54 AM INFO: Player: technic_angel_3: card 9 discarded successfully
12/27/2021 01:20:54 AM INFO: Showing hand to: technic_angel_1
12/27/2021 01:20:54 AM INFO: Showing hand to: technic_angel_4
12/27/2021 01:20:54 AM INFO: Showing hand to: technic_angel_4
12/27/2021 01:20:54 AM INFO: Player technic_angel_4 providing hint to technic_angel: cards with value 5 are in positions: [0]
12/27/2021 01:20:54 AM INFO: Showing hand to: technic_angel_2
12/27/2021 01:20:54 AM INFO: Showing hand to: technic_angel
12/27/2021 01:20:54 AM INFO: Showing hand to: technic_angel_3
12/27/2021 01:20:54 AM INFO: Showing hand to: technic_angel
12/27/2021 01:20:54 AM INFO: Showing hand to: technic_angel_1
12/27/2021 01:20:54 AM INFO: Player: technic_angel: card 46 discarded successfully
12/27/2021 01:20:54 AM INFO: Showing hand to: technic_angel_4
12/27/2021 01:20:54 AM INFO: Showing hand to: technic_angel_2
12/27/2021 01:20:54 AM INFO: Showing hand to: technic_angel_3
12/27/2021 01:20:54 AM INFO: Showing hand to: technic_angel
12/27/2021 01:20:54 AM INFO: Showing hand to: technic_angel_1
12/27/2021 01:20:54 AM INFO: Showing hand to: technic_angel_1
12/27/2021 01:20:54 AM INFO: Showing hand to: technic_angel_4
12/27/2021 01:20:54 AM INFO: Player technic_angel_1 providing hint to technic_angel: cards with value 1 are in positions: [0]
12/27/2021 01:20:54 AM INFO: Showing hand to: technic_angel_2
12/27/2021 01:20:54 AM INFO: Showing hand to: technic_angel_2
12/27/2021 01:20:54 AM INFO: Showing hand to: technic_angel_3
12/27/2021 01:20:54 AM INFO: Player: technic_angel_2: card 15 discarded successfully
12/27/2021 01:20:54 AM INFO: Showing hand to: technic_angel
12/27/2021 01:20:54 AM INFO: Showing hand to: technic_angel_1
12/27/2021 01:20:54 AM INFO: Showing hand to: technic_angel_4
12/27/2021 01:20:54 AM INFO: Showing hand to: technic_angel_2
12/27/2021 01:20:54 AM INFO: Showing hand to: technic_angel_3
12/27/2021 01:20:54 AM INFO: Showing hand to: technic_angel
12/27/2021 01:20:54 AM INFO: Showing hand to: technic_angel_3
12/27/2021 01:20:54 AM INFO: Player technic_angel_3 providing hint to technic_angel: cards with value 1 are in positions: [0]
12/27/2021 01:20:54 AM INFO: Showing hand to: technic_angel_1
12/27/2021 01:20:54 AM INFO: Showing hand to: technic_angel_4
12/27/2021 01:20:54 AM INFO: Showing hand to: technic_angel_4
12/27/2021 01:20:54 AM INFO: Player: technic_angel_4: card 3 discarded successfully
12/27/2021 01:20:54 AM INFO: Showing hand to: technic_angel_2
12/27/2021 01:20:54 AM INFO: Showing hand to: technic_angel_3
12/27/2021 01:20:54 AM INFO: Showing hand to: technic_angel
12/27/2021 01:20:54 AM INFO: Showing hand to: technic_angel
12/27/2021 01:20:54 AM INFO: Showing hand to: technic_angel_1
12/27/2021 01:20:54 AM INFO: technic_angel: card played and correctly put on the table
12/27/2021 01:20:54 AM INFO: Giving 1 free note token.
12/27/2021 01:20:54 AM INFO: Showing hand to: technic_angel_4
12/27/2021 01:20:55 AM INFO: Showing hand to: technic_angel_2
12/27/2021 01:20:55 AM INFO: Showing hand to: technic_angel_3
12/27/2021 01:20:55 AM INFO: Showing hand to: technic_angel
12/27/2021 01:20:55 AM INFO: Showing hand to: technic_angel_1
12/27/2021 01:20:55 AM INFO: Showing hand to: technic_angel_1
12/27/2021 01:20:55 AM INFO: Showing hand to: technic_angel_4
12/27/2021 01:20:55 AM INFO: Player technic_angel_1 providing hint to technic_angel: cards with value 4 are in positions: [0]
12/27/2021 01:20:55 AM INFO: Showing hand to: technic_angel_2
12/27/2021 01:20:55 AM INFO: Showing hand to: technic_angel_2
12/27/2021 01:20:55 AM INFO: Showing hand to: technic_angel_3
12/27/2021 01:20:55 AM INFO: Player technic_angel_2 providing hint to technic_angel: cards with value 4 are in positions: [0]
12/27/2021 01:20:55 AM INFO: Showing hand to: technic_angel
12/27/2021 01:20:55 AM INFO: Showing hand to: technic_angel_1
12/27/2021 01:20:55 AM INFO: Showing hand to: technic_angel_4
12/27/2021 01:20:55 AM INFO: Showing hand to: technic_angel_2
12/27/2021 01:20:55 AM INFO: Showing hand to: technic_angel_3
12/27/2021 01:20:55 AM INFO: Showing hand to: technic_angel
12/27/2021 01:20:55 AM INFO: Showing hand to: technic_angel_3
12/27/2021 01:20:55 AM INFO: Player: technic_angel_3: card 31 discarded successfully
12/27/2021 01:20:55 AM INFO: Showing hand to: technic_angel_1
12/27/2021 01:20:55 AM INFO: Showing hand to: technic_angel_4
12/27/2021 01:20:55 AM INFO: Showing hand to: technic_angel_4
12/27/2021 01:20:55 AM INFO: Showing hand to: technic_angel_2
12/27/2021 01:20:55 AM INFO: Player technic_angel_4 providing hint to technic_angel: cards with value 4 are in positions: [0]
12/27/2021 01:20:55 AM INFO: Showing hand to: technic_angel
12/27/2021 01:20:55 AM INFO: Showing hand to: technic_angel
12/27/2021 01:20:55 AM INFO: Showing hand to: technic_angel_3
12/27/2021 01:20:55 AM INFO: Player: technic_angel: card 41 discarded successfully
12/27/2021 01:20:55 AM INFO: Showing hand to: technic_angel_1
12/27/2021 01:20:55 AM INFO: Showing hand to: technic_angel_1
12/27/2021 01:20:55 AM INFO: Showing hand to: technic_angel_4
12/27/2021 01:20:55 AM INFO: Player technic_angel_1 providing hint to technic_angel: cards with value 2 are in positions: [0]
12/27/2021 01:20:55 AM INFO: Showing hand to: technic_angel_2
12/27/2021 01:20:55 AM INFO: Showing hand to: technic_angel_2
12/27/2021 01:20:55 AM INFO: Showing hand to: technic_angel
12/27/2021 01:20:55 AM INFO: Player: technic_angel_2: card 24 discarded successfully
12/27/2021 01:20:55 AM INFO: Showing hand to: technic_angel_3
12/27/2021 01:20:55 AM INFO: Showing hand to: technic_angel_3
12/27/2021 01:20:55 AM INFO: Player technic_angel_3 providing hint to technic_angel: cards with value 2 are in positions: [0]
12/27/2021 01:20:55 AM INFO: Showing hand to: technic_angel_1
12/27/2021 01:20:55 AM INFO: Showing hand to: technic_angel_4
12/27/2021 01:20:55 AM INFO: Showing hand to: technic_angel_4
12/27/2021 01:20:55 AM INFO: Showing hand to: technic_angel_2
12/27/2021 01:20:55 AM INFO: Player: technic_angel_4: card 45 discarded successfully
12/27/2021 01:20:55 AM INFO: Showing hand to: technic_angel
12/27/2021 01:20:55 AM INFO: Showing hand to: technic_angel
12/27/2021 01:20:55 AM INFO: technic_angel: card played and correctly put on the table
12/27/2021 01:20:55 AM INFO: Giving 1 free note token.
12/27/2021 01:20:55 AM INFO: Showing hand to: technic_angel_3
12/27/2021 01:20:55 AM INFO: Showing hand to: technic_angel_1
12/27/2021 01:20:55 AM INFO: Showing hand to: technic_angel_1
12/27/2021 01:20:55 AM INFO: Showing hand to: technic_angel_4
12/27/2021 01:20:55 AM INFO: Player technic_angel_1 providing hint to technic_angel: cards with value 5 are in positions: [0]
12/27/2021 01:20:55 AM INFO: Showing hand to: technic_angel_2
12/27/2021 01:20:55 AM INFO: Showing hand to: technic_angel_2
12/27/2021 01:20:55 AM INFO: Showing hand to: technic_angel
12/27/2021 01:20:55 AM INFO: Player technic_angel_2 providing hint to technic_angel: cards with value 5 are in positions: [0]
12/27/2021 01:20:55 AM INFO: Showing hand to: technic_angel_3
12/27/2021 01:20:55 AM INFO: Showing hand to: technic_angel_3
12/27/2021 01:20:55 AM INFO: Player: technic_angel_3: card 32 discarded successfully
12/27/2021 01:20:55 AM INFO: Showing hand to: technic_angel_1
12/27/2021 01:20:55 AM INFO: Showing hand to: technic_angel_4
12/27/2021 01:20:55 AM INFO: Showing hand to: technic_angel_4
12/27/2021 01:20:55 AM INFO: Showing hand to: technic_angel_2
12/27/2021 01:20:55 AM INFO: Player technic_angel_4 providing hint to technic_angel: cards with value 5 are in positions: [0]
12/27/2021 01:20:55 AM INFO: Showing hand to: technic_angel
12/27/2021 01:20:55 AM INFO: Showing hand to: technic_angel
12/27/2021 01:20:55 AM INFO: Showing hand to: technic_angel_3
12/27/2021 01:20:55 AM INFO: Player: technic_angel: card 47 discarded successfully
12/27/2021 01:20:56 AM INFO: Showing hand to: technic_angel_1
12/27/2021 01:20:56 AM INFO: Showing hand to: technic_angel_1
12/27/2021 01:20:56 AM INFO: Showing hand to: technic_angel_4
12/27/2021 01:20:56 AM INFO: Player technic_angel_1 providing hint to technic_angel: cards with value 1 are in positions: [0, 2]
12/27/2021 01:20:56 AM INFO: Showing hand to: technic_angel_2
12/27/2021 01:20:56 AM INFO: Showing hand to: technic_angel_2
12/27/2021 01:20:56 AM INFO: Showing hand to: technic_angel
12/27/2021 01:20:56 AM INFO: Player: technic_angel_2: card 42 discarded successfully
12/27/2021 01:20:56 AM INFO: Showing hand to: technic_angel_3
12/27/2021 01:20:56 AM INFO: Showing hand to: technic_angel_3
12/27/2021 01:20:56 AM INFO: Player technic_angel_3 providing hint to technic_angel: cards with value 1 are in positions: [0, 2]
12/27/2021 01:20:56 AM INFO: Showing hand to: technic_angel_1
12/27/2021 01:20:56 AM INFO: Showing hand to: technic_angel_4
12/27/2021 01:20:56 AM INFO: Showing hand to: technic_angel_4
12/27/2021 01:20:56 AM INFO: Showing hand to: technic_angel_2
12/27/2021 01:20:56 AM INFO: Player: technic_angel_4: card 27 discarded successfully
12/27/2021 01:20:56 AM INFO: Showing hand to: technic_angel
12/27/2021 01:20:56 AM INFO: Showing hand to: technic_angel
12/27/2021 01:20:56 AM INFO: Showing hand to: technic_angel_3
12/27/2021 01:20:56 AM INFO: Player technic_angel providing hint to technic_angel_1: cards with value 3 are in positions: [0]
12/27/2021 01:20:56 AM INFO: Showing hand to: technic_angel_1
12/27/2021 01:20:56 AM INFO: Showing hand to: technic_angel_1
12/27/2021 01:20:56 AM INFO: Showing hand to: technic_angel_4
12/27/2021 01:20:56 AM INFO: Player: technic_angel_1: card 28 discarded successfully
12/27/2021 01:20:56 AM INFO: Showing hand to: technic_angel_2
12/27/2021 01:20:56 AM INFO: Showing hand to: technic_angel_2
12/27/2021 01:20:56 AM INFO: Player technic_angel_2 providing hint to technic_angel: cards with value 1 are in positions: [0, 2]
12/27/2021 01:20:56 AM INFO: Showing hand to: technic_angel
12/27/2021 01:20:56 AM INFO: Showing hand to: technic_angel_3
12/27/2021 01:20:56 AM INFO: Showing hand to: technic_angel_3
12/27/2021 01:20:56 AM INFO: Showing hand to: technic_angel_1
12/27/2021 01:20:56 AM INFO: Player: technic_angel_3: card 2 discarded successfully
12/27/2021 01:20:56 AM INFO: Showing hand to: technic_angel_4
12/27/2021 01:20:56 AM INFO: Showing hand to: technic_angel_2
12/27/2021 01:20:56 AM INFO: Showing hand to: technic_angel_4
12/27/2021 01:20:56 AM INFO: Showing hand to: technic_angel
12/27/2021 01:20:56 AM INFO: Player technic_angel_4 providing hint to technic_angel: cards with value 1 are in positions: [0, 2]
12/27/2021 01:20:56 AM INFO: Showing hand to: technic_angel_3
12/27/2021 01:20:56 AM INFO: Showing hand to: technic_angel_1
12/27/2021 01:20:56 AM INFO: Showing hand to: technic_angel_4
12/27/2021 01:20:56 AM INFO: Showing hand to: technic_angel_2
12/27/2021 01:20:56 AM INFO: Showing hand to: technic_angel
12/27/2021 01:20:56 AM INFO: Showing hand to: technic_angel
12/27/2021 01:20:56 AM INFO: Player: technic_angel: card 0 discarded successfully
12/27/2021 01:20:56 AM INFO: Showing hand to: technic_angel_3
12/27/2021 01:20:56 AM INFO: Showing hand to: technic_angel_1
12/27/2021 01:20:56 AM INFO: Showing hand to: technic_angel_1
12/27/2021 01:20:56 AM INFO: Showing hand to: technic_angel_2
12/27/2021 01:20:56 AM INFO: Showing hand to: technic_angel_4
12/27/2021 01:20:56 AM INFO: Player technic_angel_1 providing hint to technic_angel: cards with value 4 are in positions: [0]
12/27/2021 01:20:56 AM INFO: Showing hand to: technic_angel
12/27/2021 01:20:56 AM INFO: Showing hand to: technic_angel_3
12/27/2021 01:20:56 AM INFO: Showing hand to: technic_angel_1
12/27/2021 01:20:56 AM INFO: Showing hand to: technic_angel_2
12/27/2021 01:20:56 AM INFO: Showing hand to: technic_angel_4
12/27/2021 01:20:56 AM INFO: Showing hand to: technic_angel_2
12/27/2021 01:20:56 AM INFO: Showing hand to: technic_angel
12/27/2021 01:20:56 AM INFO: Player: technic_angel_2: card 26 discarded successfully
12/27/2021 01:20:56 AM INFO: Showing hand to: technic_angel_3
12/27/2021 01:20:56 AM INFO: Showing hand to: technic_angel_3
12/27/2021 01:20:56 AM INFO: Showing hand to: technic_angel_1
12/27/2021 01:20:56 AM INFO: Player technic_angel_3 providing hint to technic_angel: cards with value 4 are in positions: [0]
12/27/2021 01:20:56 AM INFO: Showing hand to: technic_angel_4
12/27/2021 01:20:56 AM INFO: Showing hand to: technic_angel_2
12/27/2021 01:20:56 AM INFO: Showing hand to: technic_angel_4
12/27/2021 01:20:56 AM INFO: Showing hand to: technic_angel
12/27/2021 01:20:56 AM INFO: Player: technic_angel_4: card 12 discarded successfully
12/27/2021 01:20:57 AM INFO: Showing hand to: technic_angel_3
12/27/2021 01:20:57 AM INFO: Showing hand to: technic_angel_1
12/27/2021 01:20:57 AM INFO: Showing hand to: technic_angel_2
12/27/2021 01:20:57 AM INFO: Showing hand to: technic_angel_4
12/27/2021 01:20:57 AM INFO: Showing hand to: technic_angel
12/27/2021 01:20:57 AM INFO: Showing hand to: technic_angel
12/27/2021 01:20:57 AM INFO: Game over, people.
12/27/2021 01:20:57 AM INFO: Please, close the server now
12/27/2021 01:20:57 AM INFO: Score: 5
12/27/2021 01:20:57 AM INFO: Error Tokens: 0
12/27/2021 01:20:57 AM INFO: red: 1
12/27/2021 01:20:57 AM INFO: yellow: 2
12/27/2021 01:20:57 AM INFO: green: 0
12/27/2021 01:20:57 AM INFO: blue: 1
12/27/2021 01:20:57 AM INFO: white: 1
